Arguments: 
  C:\Program Files\nodejs\node.exe C:\Users\cassmall\AppData\Roaming\npm\node_modules\yarn\bin\yarn.js init

PATH: 
  C:\Users\cassmall\bin;D:\Program Files\Git\mingw64\bin;D:\Program Files\Git\usr\local\bin;D:\Program Files\Git\usr\bin;D:\Program Files\Git\usr\bin;D:\Program Files\Git\mingw64\bin;D:\Program Files\Git\usr\bin;C:\Users\cassmall\bin;C:\Program Files (x86)\Common Files\Oracle\Java\javapath;C:\Windows\system32;C:\Windows;C:\Windows\System32\Wbem;C:\Windows\System32\WindowsPowerShell\v1.0;C:\Windows\System32\OpenSSH;D:\SoftWare\Java\jdk1.8.0_212\bin;D:\SoftWare\Java\jdk1.8.0_212\jre\bin;D:\Program Files\Git\cmd;E:\project\CassEC-IMPC-NW\cache\0.14.7-sdk\win32;D:\nvm;D:\Program Files\nodejs;C:\Program Files\nodejs;C:\Users\cassmall\AppData\Local\Microsoft\WindowsApps;C:\Python27;D:\nvm;D:\Program Files\nodejs;C:\Users\cassmall\AppData\Local\BypassRuntm;C:\Users\cassmall\AppData\Roaming\npm;C:\Users\cassmall\AppData\Local\Programs\Microsoft VS Code\bin;D:\Program Files\Git\usr\bin\vendor_perl;D:\Program Files\Git\usr\bin\core_perl

Yarn version: 
  1.22.4

Node version: 
  12.18.3

Platform: 
  win32 x64

Trace: 
  Error: Can't answer a question unless a user TTY
      at ConsoleReporter.question (C:\Users\cassmall\AppData\Roaming\npm\node_modules\yarn\lib\cli.js:96800:59)
      at Object.<anonymous> (C:\Users\cassmall\AppData\Roaming\npm\node_modules\yarn\lib\cli.js:89075:38)
      at Generator.next (<anonymous>)
      at step (C:\Users\cassmall\AppData\Roaming\npm\node_modules\yarn\lib\cli.js:310:30)
      at C:\Users\cassmall\AppData\Roaming\npm\node_modules\yarn\lib\cli.js:321:13
      at processTicksAndRejections (internal/process/task_queues.js:97:5)

npm manifest: 
  No manifest

yarn manifest: 
  No manifest

Lockfile: 
  No lockfile
